#
# There is insufficient memory for the Java Runtime Environment to continue.
# Native memory allocation (malloc) failed to allocate 1272176 bytes for Chunk::new
# Possible reasons:
#   The system is out of physical RAM or swap space
#   The process is running with CompressedOops enabled, and the Java Heap may be blocking the growth of the native heap
# Possible solutions:
#   Reduce memory load on the system
#   Increase physical memory or swap space
#   Check if swap backing store is full
#   Decrease Java heap size (-Xmx/-Xms)
#   Decrease number of Java threads
#   Decrease Java thread stack sizes (-Xss)
#   Set larger code cache with -XX:ReservedCodeCacheSize=
#   JVM is running with Unscaled Compressed Oops mode in which the Java heap is
#     placed in the first 4GB address space. The Java Heap base address is the
#     maximum limit for the native heap growth. Please use -XX:HeapBaseMinAddress
#     to set the Java Heap base and to place the Java Heap above 4GB virtual address.
# This output file may be truncated or incomplete.
#
#  Out of Memory Error (allocation.cpp:389), pid=27328, tid=0x00000000000053cc
#
# JRE version: OpenJDK Runtime Environment (8.0_202-b03) (build 1.8.0_202-release-1483-b03)
# Java VM: OpenJDK 64-Bit Server VM (25.202-b03 mixed mode windows-amd64 compressed oops)
# Failed to write core dump. Minidumps are not enabled by default on client versions of Windows
#

---------------  T H R E A D  ---------------

Current thread (0x0000000018f31800):  JavaThread "C2 CompilerThread0" daemon [_thread_in_native, id=21452, stack(0x0000000019800000,0x0000000019900000)]

Stack: [0x0000000019800000,0x0000000019900000]
[error occurred during error reporting (printing stack bounds), id 0xc0000005]

Native frames: (J=compiled Java code, j=interpreted, Vv=VM code, C=native code)


Current CompileTask:
C2:3577282 25508   !   4       com.android.ide.common.resources.DataMerger::mergeData (611 bytes)


---------------  P R O C E S S  ---------------

Java Threads: ( => current thread )
  0x00000000212e0000 JavaThread "stdout" [_thread_in_native, id=25840, stack(0x0000000028fd0000,0x00000000290d0000)]
  0x00000000212dd000 JavaThread "stderr" [_thread_in_native, id=13132, stack(0x0000000028200000,0x0000000028300000)]
  0x00000000212e1800 JavaThread "pool-14-thread-1" [_thread_blocked, id=22968, stack(0x0000000028100000,0x0000000028200000)]
  0x00000000212df000 JavaThread "WorkerExecutor Queue" [_thread_blocked, id=4420, stack(0x0000000028000000,0x0000000028100000)]
  0x00000000212dc000 JavaThread "Cache worker for execution history cache (D:\projects\projectAndroidfinal\MessangerApp\.gradle\5.4.1\executionHistory)" [_thread_blocked, id=10768, stack(0x0000000028ed0000,0x0000000028fd0000)]
  0x00000000212de800 JavaThread "Execution worker for ':' Thread 7" [_thread_blocked, id=14976, stack(0x0000000028dd0000,0x0000000028ed0000)]
  0x00000000212e0800 JavaThread "Execution worker for ':' Thread 6" [_thread_blocked, id=18320, stack(0x0000000028830000,0x0000000028930000)]
  0x00000000212dd800 JavaThread "Execution worker for ':' Thread 5" [_thread_blocked, id=7964, stack(0x0000000028730000,0x0000000028830000)]
  0x00000000212d4800 JavaThread "Execution worker for ':' Thread 4" [_thread_in_native, id=23756, stack(0x0000000028630000,0x0000000028730000)]
  0x00000000212da800 JavaThread "Execution worker for ':' Thread 3" [_thread_in_Java, id=22252, stack(0x0000000028530000,0x0000000028630000)]
  0x00000000212db800 JavaThread "Execution worker for ':' Thread 2" [_thread_blocked, id=6436, stack(0x0000000028430000,0x0000000028530000)]
  0x00000000212d3000 JavaThread "Execution worker for ':'" [_thread_blocked, id=8368, stack(0x0000000028330000,0x0000000028430000)]
  0x00000000212da000 JavaThread "Cache worker for file content cache (D:\projects\projectAndroidfinal\MessangerApp\.gradle\5.4.1\fileContent)" [_thread_blocked, id=27396, stack(0x0000000026e90000,0x0000000026f90000)]
  0x00000000212d9000 JavaThread "Cache worker for Build Output Cleanup Cache (D:\projects\projectAndroidfinal\MessangerApp\.gradle\buildOutputCleanup)" [_thread_blocked, id=20676, stack(0x0000000026c90000,0x0000000026d90000)]
  0x00000000212d8800 JavaThread "pool-13-thread-1" [_thread_blocked, id=23956, stack(0x0000000026b90000,0x0000000026c90000)]
  0x00000000212d7800 JavaThread "Build operations Thread 8" [_thread_blocked, id=23612, stack(0x0000000026060000,0x0000000026160000)]
  0x00000000212d5800 JavaThread "Build operations Thread 7" [_thread_blocked, id=17772, stack(0x0000000025b60000,0x0000000025c60000)]
  0x00000000212d7000 JavaThread "Build operations Thread 6" [_thread_blocked, id=23824, stack(0x0000000025860000,0x0000000025960000)]
  0x000000001d5dd000 JavaThread "Build operations Thread 5" [_thread_blocked, id=22404, stack(0x0000000023ad0000,0x0000000023bd0000)]
  0x000000001d5db000 JavaThread "Build operations Thread 4" [_thread_blocked, id=22940, stack(0x00000000232a0000,0x00000000233a0000)]
  0x000000001d5de800 JavaThread "Build operations Thread 3" [_thread_blocked, id=8044, stack(0x0000000022fa0000,0x00000000230a0000)]
  0x000000001d5e1000 JavaThread "Build operations Thread 2" [_thread_blocked, id=13628, stack(0x0000000022aa0000,0x0000000022ba0000)]
  0x000000001d5db800 JavaThread "Build operations" [_thread_blocked, id=27552, stack(0x00000000229a0000,0x0000000022aa0000)]
  0x000000001d5e0000 JavaThread "Cache worker for cache directory md-rule (C:\Users\HP\.gradel2\caches\5.4.1\md-rule)" [_thread_blocked, id=11648, stack(0x00000000228a0000,0x00000000229a0000)]
  0x000000001d5de000 JavaThread "Cache worker for cache directory md-supplier (C:\Users\HP\.gradel2\caches\5.4.1\md-supplier)" [_thread_blocked, id=27524, stack(0x00000000227a0000,0x00000000228a0000)]
  0x000000001d5d3800 JavaThread "Cache worker for file hash cache (D:\projects\projectAndroidfinal\MessangerApp\.gradle\5.4.1\fileHashes)" [_thread_blocked, id=18204, stack(0x00000000226a0000,0x00000000227a0000)]
  0x000000001d5da000 JavaThread "Thread-202" [_thread_blocked, id=18360, stack(0x00000000225a0000,0x00000000226a0000)]
  0x000000001d5d5800 JavaThread "Stdin handler" [_thread_blocked, id=2656, stack(0x00000000224a0000,0x00000000225a0000)]
  0x000000001d5d2800 JavaThread "Asynchronous log dispatcher for DefaultDaemonConnection: socket connection from /127.0.0.1:56180 to /127.0.0.1:56585" [_thread_blocked, id=13780, stack(0x0000000022110000,0x0000000022210000)]
  0x000000001d5d2000 JavaThread "Daemon worker Thread 5" [_thread_blocked, id=19728, stack(0x00000000203c0000,0x00000000204c0000)]
  0x000000001d5d5000 JavaThread "Cancel handler" [_thread_blocked, id=11668, stack(0x000000001c350000,0x000000001c450000)]
  0x000000001d5d4000 JavaThread "Handler for socket connection from /127.0.0.1:56180 to /127.0.0.1:56585" [_thread_in_native, id=14792, stack(0x000000001c050000,0x000000001c150000)]
  0x000000001d5d8000 JavaThread "Daemon Thread 5" [_thread_blocked, id=23680, stack(0x0000000001760000,0x0000000001860000)]
  0x0000000020a92000 JavaThread "Cache worker for Java compile cache (C:\Users\HP\.gradel2\caches\5.4.1\javaCompile)" [_thread_blocked, id=22908, stack(0x0000000029bd0000,0x0000000029cd0000)]
  0x0000000020a94000 JavaThread "RMI Reaper" [_thread_blocked, id=22656, stack(0x00000000298d0000,0x00000000299d0000)]
  0x0000000020a97000 JavaThread "RMI TCP Accept-0" daemon [_thread_in_native, id=18956, stack(0x00000000297d0000,0x00000000298d0000)]
  0x0000000020a93800 JavaThread "GC Daemon" daemon [_thread_blocked, id=24332, stack(0x00000000296d0000,0x00000000297d0000)]
  0x000000001d5d8800 JavaThread "RMI Scheduler(0)" daemon [_thread_blocked, id=10644, stack(0x00000000294d0000,0x00000000295d0000)]
  0x000000001ac7c000 JavaThread "Cache worker for file content cache (C:\Users\HP\.gradel2\caches\5.4.1\fileContent)" [_thread_blocked, id=24460, stack(0x00000000265a0000,0x00000000266a0000)]
  0x000000001d5d9800 JavaThread "Memory manager" [_thread_blocked, id=24788, stack(0x00000000235a0000,0x00000000236a0000)]
  0x000000001d5d6800 JavaThread "Cache worker for execution history cache (C:\Users\HP\.gradel2\caches\5.4.1\executionHistory)" [_thread_blocked, id=25884, stack(0x0000000021e10000,0x0000000021f10000)]
  0x000000001ac7a000 JavaThread "Cache worker for journal cache (C:\Users\HP\.gradel2\caches\journal-1)" [_thread_blocked, id=27428, stack(0x000000001cb50000,0x000000001cc50000)]
  0x000000001ac7d800 JavaThread "File lock request listener" [_thread_in_native, id=20588, stack(0x000000001ca50000,0x000000001cb50000)]
  0x000000001ac79000 JavaThread "Cache worker for file hash cache (C:\Users\HP\.gradel2\caches\5.4.1\fileHashes)" [_thread_blocked, id=27216, stack(0x000000001c950000,0x000000001ca50000)]
  0x000000001b13a800 JavaThread "Daemon periodic checks" [_thread_blocked, id=24260, stack(0x000000001be50000,0x000000001bf50000)]
  0x000000001b139000 JavaThread "Incoming local TCP Connector on port 56180" [_thread_in_native, id=23140, stack(0x000000001bc10000,0x000000001bd10000)]
  0x000000001b1c5800 JavaThread "Daemon health stats" [_thread_blocked, id=10132, stack(0x000000001b5d0000,0x000000001b6d0000)]
  0x0000000018fcf800 JavaThread "Service Thread" daemon [_thread_blocked, id=27252, stack(0x0000000019c00000,0x0000000019d00000)]
  0x0000000018f86800 JavaThread "C1 CompilerThread3" daemon [_thread_blocked, id=27240, stack(0x0000000019b00000,0x0000000019c00000)]
  0x0000000018f80800 JavaThread "C2 CompilerThread2" daemon [_thread_in_native, id=27232, stack(0x0000000019a00000,0x0000000019b00000)]
  0x0000000018f35000 JavaThread "C2 CompilerThread1" daemon [_thread_in_native, id=27236, stack(0x0000000019900000,0x0000000019a00000)]
=>0x0000000018f31800 JavaThread "C2 CompilerThread0" daemon [_thread_in_native, id=21452, stack(0x0000000019800000,0x0000000019900000)]
  0x0000000018f2f000 JavaThread "Attach Listener" daemon [_thread_blocked, id=27244, stack(0x0000000019700000,0x0000000019800000)]
  0x0000000018f7c800 JavaThread "Signal Dispatcher" daemon [_thread_blocked, id=23884, stack(0x0000000019600000,0x0000000019700000)]
  0x0000000003379000 JavaThread "Finalizer" daemon [_thread_blocked, id=23600, stack(0x0000000019400000,0x0000000019500000)]
  0x0000000003375800 JavaThread "Reference Handler" daemon [_thread_blocked, id=21388, stack(0x0000000019300000,0x0000000019400000)]
  0x000000000327e800 JavaThread "main" [_thread_blocked, id=26744, stack(0x00000000030c0000,0x00000000031c0000)]

Other Threads:
  0x0000000017138000 VMThread [stack: 0x0000000018e00000,0x0000000018f00000] [id=9008]
  0x000000001900b800 WatcherThread [stack: 0x0000000019d00000,0x0000000019e00000] [id=26808]

VM state:not at safepoint (normal execution)

VM Mutex/Monitor currently owned by a thread: None

heap address: 0x00000000a0000000, size: 1536 MB, Compressed Oops mode: 32-bit
Narrow klass base: 0x0000000000000000, Narrow klass shift: 3
Compressed class space size: 1073741824 Address: 0x0000000100000000

Heap:
 PSYoungGen      total 474112K, used 339628K [0x00000000e0000000, 0x00000000ffb80000, 0x0000000100000000)
  eden space 435712K, 72% used [0x00000000e0000000,0x00000000f33ffa88,0x00000000fa980000)
  from space 38400K, 63% used [0x00000000fd600000,0x00000000fedab700,0x00000000ffb80000)
  to   space 41984K, 0% used [0x00000000fa980000,0x00000000fa980000,0x00000000fd280000)
 ParOldGen       total 315904K, used 226290K [0x00000000a0000000, 0x00000000b3480000, 0x00000000e0000000)
  object space 315904K, 71% used [0x00000000a0000000,0x00000000adcfc970,0x00000000b3480000)
 Metaspace       used 112727K, capacity 117440K, committed 118016K, reserved 1153024K
  class space    used 14299K, capacity 15244K, committed 15360K, reserved 1048576K

Card table byte_map: [0x0000000012740000,0x0000000012a50000] byte_map_base: 0x0000000012240000

Marking Bits: (ParMarkBitMap*) 0x0000000068e69f30
 Begin Bits: [0x0000000013450000, 0x0000000014c50000)
 End Bits:   [0x0000000014c50000, 0x0000000016450000)

Polling page: 0x0000000001320000

CodeCache: size=245760Kb used=68557Kb max_used=69118Kb free=177202Kb
 bounds [0x0000000003380000, 0x0000000007760000, 0x0000000012380000]
 total_blobs=20391 nmethods=19500 adapters=800
 compilation: enabled

Compilation events (10 events):
Event: 3577.224 Thread 0x0000000018f86800 25535       3       org.gradle.api.internal.tasks.properties.GetOutputFilesVisitor::visitOutputFileProperty (29 bytes)
Event: 3577.225 Thread 0x0000000018f86800 nmethod 25535 0x0000000005ba4890 code [0x0000000005ba4a00, 0x0000000005ba4cc8]
Event: 3577.225 Thread 0x0000000018f86800 25536       3       org.gradle.api.internal.tasks.properties.GetOutputFilesVisitor$1::<init> (10 bytes)
Event: 3577.225 Thread 0x0000000018f86800 nmethod 25536 0x00000000041a6b50 code [0x00000000041a6ca0, 0x00000000041a6e70]
Event: 3577.227 Thread 0x0000000018f86800 25537       3       com.android.build.gradle.internal.api.artifact.BuildableArtifactImpl::getFiles (19 bytes)
Event: 3577.227 Thread 0x0000000018f86800 nmethod 25537 0x0000000006b98110 code [0x0000000006b982c0, 0x0000000006b987e8]
Event: 3577.255 Thread 0x0000000018f86800 25538       1       org.gradle.internal.logging.events.LogLevelChangeEvent::getNewLogLevel (5 bytes)
Event: 3577.256 Thread 0x0000000018f86800 nmethod 25538 0x0000000006ef8e10 code [0x0000000006ef8f60, 0x0000000006ef9070]
Event: 3577.272 Thread 0x0000000018f80800 nmethod 25520 0x0000000006884790 code [0x0000000006884ba0, 0x0000000006887aa8]
Event: 3577.272 Thread 0x0000000018f80800 25470       4       com.sun.org.apache.xerces.internal.parsers.AbstractDOMParser::characters (394 bytes)

GC Heap History (10 events):
Event: 3405.985 GC heap before
{Heap before GC invocations=64 (full 6):
 PSYoungGen      total 490496K, used 486589K [0x00000000e0000000, 0x0000000100000000, 0x0000000100000000)
  eden space 460288K, 100% used [0x00000000e0000000,0x00000000fc180000,0x00000000fc180000)
  from space 30208K, 87% used [0x00000000fc180000,0x00000000fdb2f720,0x00000000fdf00000)
  to   space 32768K, 0% used [0x00000000fe000000,0x00000000fe000000,0x0000000100000000)
 ParOldGen       total 315904K, used 200983K [0x00000000a0000000, 0x00000000b3480000, 0x00000000e0000000)
  object space 315904K, 63% used [0x00000000a0000000,0x00000000ac445d68,0x00000000b3480000)
 Metaspace       used 109231K, capacity 113360K, committed 115200K, reserved 1148928K
  class space    used 13830K, capacity 14682K, committed 15104K, reserved 1048576K
Event: 3406.028 GC heap after
Heap after GC invocations=64 (full 6):
 PSYoungGen      total 482304K, used 32747K [0x00000000e0000000, 0x0000000100000000, 0x0000000100000000)
  eden space 449536K, 0% used [0x00000000e0000000,0x00000000e0000000,0x00000000fb700000)
  from space 32768K, 99% used [0x00000000fe000000,0x00000000ffffad58,0x0000000100000000)
  to   space 37376K, 0% used [0x00000000fb700000,0x00000000fb700000,0x00000000fdb80000)
 ParOldGen       total 315904K, used 201911K [0x00000000a0000000, 0x00000000b3480000, 0x00000000e0000000)
  object space 315904K, 63% used [0x00000000a0000000,0x00000000ac52dd68,0x00000000b3480000)
 Metaspace       used 109231K, capacity 113360K, committed 115200K, reserved 1148928K
  class space    used 13830K, capacity 14682K, committed 15104K, reserved 1048576K
}
Event: 3407.184 GC heap before
{Heap before GC invocations=65 (full 6):
 PSYoungGen      total 482304K, used 482283K [0x00000000e0000000, 0x0000000100000000, 0x0000000100000000)
  eden space 449536K, 100% used [0x00000000e0000000,0x00000000fb700000,0x00000000fb700000)
  from space 32768K, 99% used [0x00000000fe000000,0x00000000ffffad58,0x0000000100000000)
  to   space 37376K, 0% used [0x00000000fb700000,0x00000000fb700000,0x00000000fdb80000)
 ParOldGen       total 315904K, used 201911K [0x00000000a0000000, 0x00000000b3480000, 0x00000000e0000000)
  object space 315904K, 63% used [0x00000000a0000000,0x00000000ac52dd68,0x00000000b3480000)
 Metaspace       used 109286K, capacity 113384K, committed 115200K, reserved 1148928K
  class space    used 13833K, capacity 14686K, committed 15104K, reserved 1048576K
Event: 3407.253 GC heap after
Heap after GC invocations=65 (full 6):
 PSYoungGen      total 479744K, used 30140K [0x00000000e0000000, 0x0000000100000000, 0x0000000100000000)
  eden space 449536K, 0% used [0x00000000e0000000,0x00000000e0000000,0x00000000fb700000)
  from space 30208K, 99% used [0x00000000fb700000,0x00000000fd46f010,0x00000000fd480000)
  to   space 39936K, 0% used [0x00000000fd900000,0x00000000fd900000,0x0000000100000000)
 ParOldGen       total 315904K, used 213514K [0x00000000a0000000, 0x00000000b3480000, 0x00000000e0000000)
  object space 315904K, 67% used [0x00000000a0000000,0x00000000ad082ac0,0x00000000b3480000)
 Metaspace       used 109286K, capacity 113384K, committed 115200K, reserved 1148928K
  class space    used 13833K, capacity 14686K, committed 15104K, reserved 1048576K
}
Event: 3408.247 GC heap before
{Heap before GC invocations=66 (full 6):
 PSYoungGen      total 479744K, used 479676K [0x00000000e0000000, 0x0000000100000000, 0x0000000100000000)
  eden space 449536K, 100% used [0x00000000e0000000,0x00000000fb700000,0x00000000fb700000)
  from space 30208K, 99% used [0x00000000fb700000,0x00000000fd46f010,0x00000000fd480000)
  to   space 39936K, 0% used [0x00000000fd900000,0x00000000fd900000,0x0000000100000000)
 ParOldGen       total 315904K, used 213514K [0x00000000a0000000, 0x00000000b3480000, 0x00000000e0000000)
  object space 315904K, 67% used [0x00000000a0000000,0x00000000ad082ac0,0x00000000b3480000)
 Metaspace       used 109726K, capacity 113980K, committed 115456K, reserved 1148928K
  class space    used 13891K, capacity 14778K, committed 15104K, reserved 1048576K
Event: 3408.305 GC heap after
Heap after GC invocations=66 (full 6):
 PSYoungGen      total 473088K, used 39924K [0x00000000e0000000, 0x0000000100000000, 0x0000000100000000)
  eden space 433152K, 0% used [0x00000000e0000000,0x00000000e0000000,0x00000000fa700000)
  from space 39936K, 99% used [0x00000000fd900000,0x00000000ffffd2b8,0x0000000100000000)
  to   space 45568K, 0% used [0x00000000fa700000,0x00000000fa700000,0x00000000fd380000)
 ParOldGen       total 315904K, used 213859K [0x00000000a0000000, 0x00000000b3480000, 0x00000000e0000000)
  object space 315904K, 67% used [0x00000000a0000000,0x00000000ad0d8c38,0x00000000b3480000)
 Metaspace       used 109726K, capacity 113980K, committed 115456K, reserved 1148928K
  class space    used 13891K, capacity 14778K, committed 15104K, reserved 1048576K
}
Event: 3409.661 GC heap before
{Heap before GC invocations=67 (full 6):
 PSYoungGen      total 473088K, used 473076K [0x00000000e0000000, 0x0000000100000000, 0x0000000100000000)
  eden space 433152K, 100% used [0x00000000e0000000,0x00000000fa700000,0x00000000fa700000)
  from space 39936K, 99% used [0x00000000fd900000,0x00000000ffffd2b8,0x0000000100000000)
  to   space 45568K, 0% used [0x00000000fa700000,0x00000000fa700000,0x00000000fd380000)
 ParOldGen       total 315904K, used 213859K [0x00000000a0000000, 0x00000000b3480000, 0x00000000e0000000)
  object space 315904K, 67% used [0x00000000a0000000,0x00000000ad0d8c38,0x00000000b3480000)
 Metaspace       used 109745K, capacity 113980K, committed 115456K, reserved 1148928K
  class space    used 13893K, capacity 14778K, committed 15104K, reserved 1048576K
Event: 3409.712 GC heap after
Heap after GC invocations=67 (full 6):
 PSYoungGen      total 478720K, used 20964K [0x00000000e0000000, 0x0000000100000000, 0x0000000100000000)
  eden space 433152K, 0% used [0x00000000e0000000,0x00000000e0000000,0x00000000fa700000)
  from space 45568K, 46% used [0x00000000fa700000,0x00000000fbb79198,0x00000000fd380000)
  to   space 43008K, 0% used [0x00000000fd600000,0x00000000fd600000,0x0000000100000000)
 ParOldGen       total 315904K, used 226282K [0x00000000a0000000, 0x00000000b3480000, 0x00000000e0000000)
  object space 315904K, 71% used [0x00000000a0000000,0x00000000adcfa970,0x00000000b3480000)
 Metaspace       used 109745K, capacity 113980K, committed 115456K, reserved 1148928K
  class space    used 13893K, capacity 14778K, committed 15104K, reserved 1048576K
}
Event: 3487.877 GC heap before
{Heap before GC invocations=68 (full 6):
 PSYoungGen      total 478720K, used 454116K [0x00000000e0000000, 0x0000000100000000, 0x0000000100000000)
  eden space 433152K, 100% used [0x00000000e0000000,0x00000000fa700000,0x00000000fa700000)
  from space 45568K, 46% used [0x00000000fa700000,0x00000000fbb79198,0x00000000fd380000)
  to   space 43008K, 0% used [0x00000000fd600000,0x00000000fd600000,0x0000000100000000)
 ParOldGen       total 315904K, used 226282K [0x00000000a0000000, 0x00000000b3480000, 0x00000000e0000000)
  object space 315904K, 71% used [0x00000000a0000000,0x00000000adcfa970,0x00000000b3480000)
 Metaspace       used 112503K, capacity 117180K, committed 117760K, reserved 1150976K
  class space    used 14287K, capacity 15222K, committed 15360K, reserved 1048576K
Event: 3487.958 GC heap after
Heap after GC invocations=68 (full 6):
 PSYoungGen      total 474112K, used 24237K [0x00000000e0000000, 0x00000000ffb80000, 0x0000000100000000)
  eden space 435712K, 0% used [0x00000000e0000000,0x00000000e0000000,0x00000000fa980000)
  from space 38400K, 63% used [0x00000000fd600000,0x00000000fedab700,0x00000000ffb80000)
  to   space 41984K, 0% used [0x00000000fa980000,0x00000000fa980000,0x00000000fd280000)
 ParOldGen       total 315904K, used 226290K [0x00000000a0000000, 0x00000000b3480000, 0x00000000e0000000)
  object space 315904K, 71% used [0x00000000a0000000,0x00000000adcfc970,0x00000000b3480000)
 Metaspace       used 112503K, capacity 117180K, committed 117760K, reserved 1150976K
  class space    used 14287K, capacity 15222K, committed 15360K, reserved 1048576K
}

Deoptimization events (10 events):
Event: 3488.411 Thread 0x000000001f348000 Uncommon trap: reason=bimorphic action=maybe_recompile pc=0x00000000036d5358 method=org.gradle.internal.fingerprint.impl.DefaultCurrentFileCollectionFingerprint.from(Ljava/lang/Iterable;Lorg/gradle/internal/fingerprint/FingerprintingStrategy;)Lorg/gradle/
Event: 3488.418 Thread 0x000000001f348000 Uncommon trap: reason=bimorphic action=maybe_recompile pc=0x00000000036d5358 method=org.gradle.internal.fingerprint.impl.DefaultCurrentFileCollectionFingerprint.from(Ljava/lang/Iterable;Lorg/gradle/internal/fingerprint/FingerprintingStrategy;)Lorg/gradle/
Event: 3488.419 Thread 0x000000001f348000 Uncommon trap: reason=class_check action=maybe_recompile pc=0x0000000006eda49c method=org.gradle.internal.execution.history.changes.SortedMapDiffUtil.diff(Ljava/util/SortedMap;Ljava/util/SortedMap;Lorg/gradle/internal/execution/history/changes/PropertyDif
Event: 3488.641 Thread 0x00000000212da000 Uncommon trap: reason=class_check action=maybe_recompile pc=0x00000000066143cc method=java.util.Spliterators$ArraySpliterator.tryAdvance(Ljava/util/function/Consumer;)Z @ 49
Event: 3488.641 Thread 0x00000000212da000 Uncommon trap: reason=class_check action=maybe_recompile pc=0x00000000066143cc method=java.util.Spliterators$ArraySpliterator.tryAdvance(Ljava/util/function/Consumer;)Z @ 49
Event: 3576.105 Thread 0x000000001d5d2000 Uncommon trap: reason=predicate action=maybe_recompile pc=0x000000000756b0e4 method=com.google.common.collect.RegularImmutableMap.fromEntryArray(I[Ljava/util/Map$Entry;)Lcom/google/common/collect/ImmutableMap; @ 62
Event: 3576.206 Thread 0x000000001d5d2000 Uncommon trap: reason=class_check action=maybe_recompile pc=0x00000000066143cc method=java.util.Spliterators$ArraySpliterator.tryAdvance(Ljava/util/function/Consumer;)Z @ 49
Event: 3576.212 Thread 0x000000001d5d2800 Uncommon trap: reason=unstable_if action=reinterpret pc=0x0000000004ab04f0 method=com.esotericsoftware.kryo.io.Output.writeVarLong(JZ)I @ 55
Event: 3576.592 Thread 0x000000001d5de800 Uncommon trap: reason=unstable_if action=reinterpret pc=0x00000000072b5318 method=java.util.concurrent.ConcurrentHashMap.putVal(Ljava/lang/Object;Ljava/lang/Object;Z)Ljava/lang/Object; @ 147
Event: 3577.255 Thread 0x00000000212e0800 Uncommon trap: reason=class_check action=maybe_recompile pc=0x0000000005aaf5d4 method=java.util.stream.MatchOps$MatchOp.evaluateSequential(Ljava/util/stream/PipelineHelper;Ljava/util/Spliterator;)Ljava/lang/Boolean; @ 14

Classes redefined (0 events):
No events

Internal exceptions (10 events):
Event: 3410.095 Thread 0x000000001f34b000 Exception <a 'java/lang/NoSuchMethodError': <clinit>> (0x00000000e47e0ab0) thrown at [D:\src\AOSP-openjdk-cygwin\jdk8u\hotspot\src\share\vm\prims\jni.cpp, line 1614]
Event: 3410.166 Thread 0x000000001f345800 Exception <a 'java/lang/NoSuchMethodError': java.lang.Object.lambda$asRunnable$0(Lcom/android/tools/build/apkzlib/utils/IOExceptionRunnable;)V> (0x00000000e51476b8) thrown at [D:\src\AOSP-openjdk-cygwin\jdk8u\hotspot\src\share\vm\interpreter\linkResolver.
Event: 3410.245 Thread 0x000000001f345800 Exception <a 'java/lang/NoSuchMethodError': java.lang.Object.newSystemTemporaryDirectory()Lcom/android/tools/build/apkzlib/bytestorage/TemporaryDirectory;> (0x00000000e526c688) thrown at [D:\src\AOSP-openjdk-cygwin\jdk8u\hotspot\src\share\vm\interpreter\l
Event: 3410.376 Thread 0x000000001f345800 Exception <a 'java/lang/NoSuchMethodError': java.lang.Object.lambda$static$0(Lcom/android/apksig/util/RunnablesProvider;)V> (0x00000000e5984778) thrown at [D:\src\AOSP-openjdk-cygwin\jdk8u\hotspot\src\share\vm\interpreter\linkResolver.cpp, line 620]
Event: 3410.894 Thread 0x000000001d5d8000 Implicit null exception at 0x00000000041d4b7f to 0x00000000041d6041
Event: 3411.055 Thread 0x000000001d5d8000 Implicit null exception at 0x0000000003f51725 to 0x0000000003f51a79
Event: 3483.680 Thread 0x00000000212da000 Exception <a 'sun/nio/fs/WindowsException'> (0x00000000eb91caa8) thrown at [D:\src\AOSP-openjdk-cygwin\jdk8u\hotspot\src\share\vm\prims\jni.cpp, line 710]
Event: 3483.820 Thread 0x00000000212da000 Implicit null exception at 0x000000000599dc23 to 0x000000000599dd4d
Event: 3483.916 Thread 0x00000000212da000 Implicit null exception at 0x000000000357c017 to 0x000000000357c385
Event: 3576.105 Thread 0x000000001d5d2000 Exception <a 'sun/nio/fs/WindowsException'> (0x00000000e6b28b30) thrown at [D:\src\AOSP-openjdk-cygwin\jdk8u\hotspot\src\share\vm\prims\jni.cpp, line 710]

Events (10 events):
Event: 3577.249 Executing VM operation: RevokeBias done
Event: 3577.249 Executing VM operation: RevokeBias
Event: 3577.249 Executing VM operation: RevokeBias done
Event: 3577.250 Executing VM operation: RevokeBias
Event: 3577.251 Executing VM operation: RevokeBias done
Event: 3577.251 Executing VM operation: RevokeBias
Event: 3577.252 Executing VM operation: RevokeBias done
Event: 3577.255 Thread 0x00000000212e0800 Uncommon trap: trap_request=0xffffffde fr.pc=0x0000000005aaf5d4
Event: 3577.255 Thread 0x00000000212e0800 DEOPT PACKING pc=0x0000000005aaf5d4 sp=0x000000002892c290
Event: 3577.255 Thread 0x00000000212e0800 DEOPT UNPACKING pc=0x00000000033c557b sp=0x000000002892c1c8 mode 2


Dynamic libraries:
0x00007ff64f470000 - 0x00007ff64f4a1000 	C:\Program Files\Android\Android Studio\jre\bin\java.exe
0x00007ffb9c8e0000 - 0x00007ffb9cad0000 	C:\WINDOWS\SYSTEM32\ntdll.dll
0x00007ffb9bcf0000 - 0x00007ffb9bda2000 	C:\WINDOWS\System32\KERNEL32.DLL
0x00007ffb9a740000 - 0x00007ffb9a9e3000 	C:\WINDOWS\System32\KERNELBASE.dll
0x00007ffb9af10000 - 0x00007ffb9afb3000 	C:\WINDOWS\System32\ADVAPI32.dll
0x00007ffb9aff0000 - 0x00007ffb9b08e000 	C:\WINDOWS\System32\msvcrt.dll
0x00007ffb9c800000 - 0x00007ffb9c897000 	C:\WINDOWS\System32\sechost.dll
0x00007ffb9acf0000 - 0x00007ffb9ae10000 	C:\WINDOWS\System32\RPCRT4.dll
0x00007ffb9ab50000 - 0x00007ffb9ace4000 	C:\WINDOWS\System32\USER32.dll
0x00007ffb9a050000 - 0x00007ffb9a071000 	C:\WINDOWS\System32\win32u.dll
0x00007ffb9ae10000 - 0x00007ffb9ae36000 	C:\WINDOWS\System32\GDI32.dll
0x00007ffb9a350000 - 0x00007ffb9a4e4000 	C:\WINDOWS\System32\gdi32full.dll
0x00007ffb9a160000 - 0x00007ffb9a1fe000 	C:\WINDOWS\System32\msvcp_win.dll
0x00007ffb9a4f0000 - 0x00007ffb9a5ea000 	C:\WINDOWS\System32\ucrtbase.dll
0x00007ffb98d10000 - 0x00007ffb98f95000 	C:\WINDOWS\WinSxS\amd64_microsoft.windows.common-controls_6595b64144ccf1df_6.0.18362.720_none_e6beb5c51314836b\COMCTL32.dll
0x00007ffb9bdb0000 - 0x00007ffb9c0e6000 	C:\WINDOWS\System32\combase.dll
0x00007ffb9a0e0000 - 0x00007ffb9a160000 	C:\WINDOWS\System32\bcryptPrimitives.dll
0x00007ffb9afc0000 - 0x00007ffb9afee000 	C:\WINDOWS\System32\IMM32.DLL
0x00000000685c0000 - 0x0000000068692000 	C:\Program Files\Android\Android Studio\jre\jre\bin\msvcr100.dll
0x00000000686a0000 - 0x0000000068ee6000 	C:\Program Files\Android\Android Studio\jre\jre\bin\server\jvm.dll
0x00007ffb9ab30000 - 0x00007ffb9ab38000 	C:\WINDOWS\System32\PSAPI.DLL
0x00007ffb856e0000 - 0x00007ffb856e9000 	C:\WINDOWS\SYSTEM32\WSOCK32.dll
0x00007ffb94710000 - 0x00007ffb94734000 	C:\WINDOWS\SYSTEM32\WINMM.dll
0x00007ffb96b00000 - 0x00007ffb96b0a000 	C:\WINDOWS\SYSTEM32\VERSION.dll
0x00007ffb946c0000 - 0x00007ffb946ed000 	C:\WINDOWS\SYSTEM32\winmmbase.dll
0x00007ffb9a640000 - 0x00007ffb9a68a000 	C:\WINDOWS\System32\cfgmgr32.dll
0x00007ffb9ba20000 - 0x00007ffb9ba8f000 	C:\WINDOWS\System32\WS2_32.dll
0x00007ffb97c30000 - 0x00007ffb97c3f000 	C:\Program Files\Android\Android Studio\jre\jre\bin\verify.dll
0x00007ffb92db0000 - 0x00007ffb92dd9000 	C:\Program Files\Android\Android Studio\jre\jre\bin\java.dll
0x00007ffb979f0000 - 0x00007ffb97a06000 	C:\Program Files\Android\Android Studio\jre\jre\bin\zip.dll
0x00007ffb9c0f0000 - 0x00007ffb9c7d5000 	C:\WINDOWS\System32\SHELL32.dll
0x00007ffb9bc40000 - 0x00007ffb9bce9000 	C:\WINDOWS\System32\shcore.dll
0x00007ffb998d0000 - 0x00007ffb9a050000 	C:\WINDOWS\System32\windows.storage.dll
0x00007ffb998a0000 - 0x00007ffb998c3000 	C:\WINDOWS\System32\profapi.dll
0x00007ffb99850000 - 0x00007ffb9989a000 	C:\WINDOWS\System32\powrprof.dll
0x00007ffb99800000 - 0x00007ffb99810000 	C:\WINDOWS\System32\UMPDC.dll
0x00007ffb9b430000 - 0x00007ffb9b482000 	C:\WINDOWS\System32\shlwapi.dll
0x00007ffb99810000 - 0x00007ffb99821000 	C:\WINDOWS\System32\kernel.appcore.dll
0x00007ffb9a620000 - 0x00007ffb9a637000 	C:\WINDOWS\System32\cryptsp.dll
0x00007ffb97920000 - 0x00007ffb9793a000 	C:\Program Files\Android\Android Studio\jre\jre\bin\net.dll
0x00007ffb989f0000 - 0x00007ffb98a57000 	C:\WINDOWS\system32\mswsock.dll
0x00007ffb92960000 - 0x00007ffb92971000 	C:\Program Files\Android\Android Studio\jre\jre\bin\nio.dll
0x00007ffb89e70000 - 0x00007ffb89e96000 	C:\Users\HP\.gradel2\native\29\windows-amd64\native-platform.dll
0x00007ffb97bc0000 - 0x00007ffb97bcd000 	C:\Program Files\Android\Android Studio\jre\jre\bin\management.dll
0x00007ffb98560000 - 0x00007ffb98593000 	C:\WINDOWS\system32\rsaenh.dll
0x00007ffb9a5f0000 - 0x00007ffb9a616000 	C:\WINDOWS\System32\bcrypt.dll
0x00007ffb99720000 - 0x00007ffb99745000 	C:\WINDOWS\SYSTEM32\USERENV.dll
0x00007ffb98bc0000 - 0x00007ffb98bcc000 	C:\WINDOWS\SYSTEM32\CRYPTBASE.dll
0x00007ffb98700000 - 0x00007ffb9873a000 	C:\WINDOWS\SYSTEM32\IPHLPAPI.DLL
0x00007ffb9ab40000 - 0x00007ffb9ab48000 	C:\WINDOWS\System32\NSI.dll
0x00007ffb91230000 - 0x00007ffb91246000 	C:\WINDOWS\SYSTEM32\dhcpcsvc6.DLL
0x00007ffb91950000 - 0x00007ffb9196c000 	C:\WINDOWS\SYSTEM32\dhcpcsvc.DLL
0x00007ffb98740000 - 0x00007ffb9880a000 	C:\WINDOWS\SYSTEM32\DNSAPI.dll
0x00007ffb92910000 - 0x00007ffb9292e000 	C:\Users\HP\AppData\Local\Temp\native-platform6521491018856224389dir\native-platform.dll

VM Arguments:
jvm_args: -Xmx1536m -Dfile.encoding=windows-1256 -Duser.country=US -Duser.language=en -Duser.variant 
java_command: org.gradle.launcher.daemon.bootstrap.GradleDaemon 5.4.1
java_class_path (initial): C:\Users\HP\.gradel2\wrapper\dists\gradle-5.4.1-all\3221gyojl5jsh0helicew7rwx\gradle-5.4.1\lib\gradle-launcher-5.4.1.jar
Launcher Type: SUN_STANDARD

Environment Variables:
PATH=C:\Program Files (x86)\Common Files\Intel\Shared Libraries\redist\intel64\compiler;C:\Program Files (x86)\Common Files\Oracle\Java\javapath;C:\WINDOWS\system32;C:\WINDOWS;C:\WINDOWS\System32\Wbem;C:\WINDOWS\System32\WindowsPowerShell\v1.0\;C:\WINDOWS\System32\OpenSSH\;D:\program\swipl\bin;C:\Users\HP\AppData\Local\Programs\Python\Python36\Scripts\;C:\Users\HP\AppData\Local\Programs\Python\Python36\;C:\Users\HP\AppData\Local\GitHubDesktop\bin;D:\program\IntelliJ IDEA 2018.3.1\bin;;D:\program\PyCharm Edu 2019.1\bin;;D:\program\flutter\bin;D:\program\Android\Sdk\tools;D:\program\Android\Sdk\platform_tools;C:\Users\HP\AppData\Local\Programs\Microsoft VS Code\bin;D:\program\pyCharm\PyCharm 2019.2.1\bin;;C:\Users\HP\AppData\Local\Microsoft\WindowsApps;
USERNAME=HP
OS=Windows_NT
PROCESSOR_IDENTIFIER=Intel64 Family 6 Model 142 Stepping 10, GenuineIntel



---------------  S Y S T E M  ---------------

OS: Windows 10.0 , 64 bit Build 18362 (10.0.18362.329)

CPU:total 8 (initial active 8) (4 cores per cpu, 2 threads per core) family 6 model 142 stepping 10, cmov, cx8, fxsr, mmx, sse, sse2, sse3, ssse3, sse4.1, sse4.2, popcnt, avx, avx2, aes, clmul, erms, 3dnowpref, lzcnt, ht, tsc, tscinvbit, bmi1, bmi2, adx

Memory: 4k page, physical 8034004k(543376k free), swap 17778048k(3252k free)

vm_info: OpenJDK 64-Bit Server VM (25.202-b03) for windows-amd64 JRE (1.8.0_202-release-1483-b03), built by "builder" with MS VC++ 10.0 (VS2010)

time: Mon Apr 13 12:22:41 2020
timezone: Libya Standard Time
elapsed time: 3577 seconds (0d 0h 59m 37s)

